<?xml version="1.0" encoding="UTF-8"?>
<!-- Generated by org.testng.reporters.JUnitXMLReporter -->
<testsuite hostname="DESKTOP-27L8JE7" ignored="1" name="Default test" tests="2" failures="0" timestamp="04 Jun 2020 02:08:06 GMT" time="0.083" errors="0">
  <testcase name="a" time="0.014" classname="com.project.MavenSeleniumBuild_6_30AMBatch.TC_001"/>
  <testcase name="f" time="0.001" classname="com.project.MavenSeleniumBuild_6_30AMBatch.TC_001"/>
  <testcase name="z" time="0.0" classname="com.project.MavenSeleniumBuild_6_30AMBatch.TC_001">
    <ignored/>
  </testcase> <!-- z -->
</testsuite> <!-- Default test -->
