<?xml version="1.0" encoding="UTF-8"?>
<!-- Generated by org.testng.reporters.JUnitXMLReporter -->
<testsuite hostname="DESKTOP-27L8JE7" ignored="0" name="Default test" tests="3" failures="0" timestamp="22 Jun 2020 01:53:36 GMT" time="1.48" errors="0">
  <testcase name="f" time="0.022" classname="excelApis.DataManagementusingHashMap"/>
  <testcase name="f" time="0.002" classname="excelApis.DataManagementusingHashMap"/>
  <testcase name="f" time="0.006" classname="excelApis.DataManagementusingHashMap"/>
</testsuite> <!-- Default test -->
