<?xml version="1.0" encoding="UTF-8"?>
<!-- Generated by org.testng.reporters.JUnitXMLReporter -->
<testsuite hostname="DESKTOP-27L8JE7" ignored="1" name="AutomationTest" tests="4" failures="0" timestamp="05 Jun 2020 01:44:36 GMT" time="17.323" errors="0">
  <testcase name="amazon" time="4.712" classname="com.project.MavenSeleniumBuild_6_30AMBatch.TC_002"/>
  <testcase name="f" time="0.003" classname="com.project.MavenSeleniumBuild_6_30AMBatch.NewTest"/>
  <testcase name="a" time="0.002" classname="com.project.MavenSeleniumBuild_6_30AMBatch.TC_001"/>
  <testcase name="f" time="0.004" classname="com.project.MavenSeleniumBuild_6_30AMBatch.TC_001"/>
  <testcase name="z" time="0.0" classname="com.project.MavenSeleniumBuild_6_30AMBatch.TC_001">
    <ignored/>
  </testcase> <!-- z -->
</testsuite> <!-- AutomationTest -->
