<?xml version="1.0" encoding="UTF-8"?>
<!-- Generated by org.testng.reporters.JUnitXMLReporter -->
<testsuite hostname="DESKTOP-27L8JE7" ignored="2" name="Test" tests="2" failures="0" timestamp="08 Jun 2020 02:04:50 GMT" time="29.82" errors="0">
  <testcase name="checkboxTest" time="4.304" classname="com.project.MavenSeleniumBuild_6_30AMBatch456.CheckBox1"/>
  <testcase name="checkboxTest" time="3.21" classname="com.project.MavenSeleniumBuild_6_30AMBatch456.RadioButton1"/>
  <testcase name="amazon" time="0.0" classname="com.project.MavenSeleniumBuild_6_30AMBatch456.TC_003">
    <ignored/>
  </testcase> <!-- amazon -->
  <testcase name="linktesting1" time="0.0" classname="com.project.MavenSeleniumBuild_6_30AMBatch456.LinksTesting1">
    <ignored/>
  </testcase> <!-- linktesting1 -->
</testsuite> <!-- Test -->
