<?xml version="1.0" encoding="UTF-8"?>
<!-- Generated by org.testng.reporters.JUnitXMLReporter -->
<testsuite hostname="DESKTOP-27L8JE7" ignored="0" name="Test" tests="3" failures="0" timestamp="06 Jun 2020 02:20:15 GMT" time="14.872" errors="0">
  <testcase name="test2" time="11.509" classname="com.project.MavenSeleniumBuild_6_30AMBatch456.TestMethodParallel"/>
  <testcase name="test3" time="14.537" classname="com.project.MavenSeleniumBuild_6_30AMBatch456.TestMethodParallel"/>
  <testcase name="test1" time="14.801" classname="com.project.MavenSeleniumBuild_6_30AMBatch456.TestMethodParallel"/>
</testsuite> <!-- Test -->
