<?xml version="1.0" encoding="UTF-8"?>
<!-- Generated by org.testng.reporters.JUnitXMLReporter -->
<testsuite hostname="DESKTOP-27L8JE7" ignored="0" name="ChromeTest" tests="4" failures="0" timestamp="06 Jun 2020 01:55:07 GMT" time="74.885" errors="0">
  <testcase name="linktesting1" time="1.617" classname="com.project.MavenSeleniumBuild_6_30AMBatch456.LinksTesting1"/>
  <testcase name="amazon" time="6.63" classname="com.project.MavenSeleniumBuild_6_30AMBatch456.TC_003"/>
  <testcase name="checkboxTest" time="4.666" classname="com.project.MavenSeleniumBuild_6_30AMBatch456.RadioButton1"/>
  <testcase name="checkboxTest" time="12.371" classname="com.project.MavenSeleniumBuild_6_30AMBatch456.CheckBox1"/>
</testsuite> <!-- ChromeTest -->
