<?xml version="1.0" encoding="UTF-8"?>
<!-- Generated by org.testng.reporters.JUnitXMLReporter -->
<testsuite hostname="DESKTOP-27L8JE7" ignored="0" name="FirefoxTest" tests="4" failures="0" timestamp="06 Jun 2020 01:45:38 GMT" time="194.802" errors="0">
  <testcase name="linktesting1" time="1.867" classname="com.project.MavenSeleniumBuild_6_30AMBatch456.LinksTesting1"/>
  <testcase name="amazon" time="3.806" classname="com.project.MavenSeleniumBuild_6_30AMBatch456.TC_003"/>
  <testcase name="checkboxTest" time="3.177" classname="com.project.MavenSeleniumBuild_6_30AMBatch456.RadioButton1"/>
  <testcase name="checkboxTest" time="3.184" classname="com.project.MavenSeleniumBuild_6_30AMBatch456.CheckBox1"/>
</testsuite> <!-- FirefoxTest -->
