<?xml version="1.0" encoding="UTF-8"?>
<testng-results skipped="0" failed="0" ignored="0" total="2" passed="2">
  <reporter-output>
  </reporter-output>
  <suite name="Default suite" duration-ms="1481" started-at="2020-08-04T02:00:48Z" finished-at="2020-08-04T02:00:50Z">
    <groups>
    </groups>
    <test name="Default test" duration-ms="1481" started-at="2020-08-04T02:00:48Z" finished-at="2020-08-04T02:00:50Z">
      <class name="com.project.CRM.suitea.LoginTest">
        <test-method status="PASS" signature="init()[pri:0, instance:com.project.CRM.suitea.LoginTest@21507a04]" name="init" is-config="true" duration-ms="1344" started-at="2020-08-04T02:00:48Z" finished-at="2020-08-04T02:00:50Z">
          <reporter-output>
          </reporter-output>
        </test-method> <!-- init -->
        <test-method status="PASS" signature="f(java.util.Hashtable)[pri:0, instance:com.project.CRM.suitea.LoginTest@21507a04]" name="f" duration-ms="33" started-at="2020-08-04T02:00:50Z" data-provider="getData" finished-at="2020-08-04T02:00:50Z">
          <params>
            <param index="0">
              <value>
                <![CDATA[{Password=zoho2015, Runmode=Y, ExpectedResults=LoginSuccess, UserName=ravilella.2015@gmail.com, Browser=chrome}]]>
              </value>
            </param>
          </params>
          <reporter-output>
          </reporter-output>
        </test-method> <!-- f -->
        <test-method status="PASS" signature="f(java.util.Hashtable)[pri:0, instance:com.project.CRM.suitea.LoginTest@21507a04]" name="f" duration-ms="15" started-at="2020-08-04T02:00:50Z" data-provider="getData" finished-at="2020-08-04T02:00:50Z">
          <params>
            <param index="0">
              <value>
                <![CDATA[{Password=P1, Runmode=N, ExpectedResults=LoginSuccess, UserName=U1, Browser=firefox}]]>
              </value>
            </param>
          </params>
          <reporter-output>
          </reporter-output>
        </test-method> <!-- f -->
      </class> <!-- com.project.CRM.suitea.LoginTest -->
    </test> <!-- Default test -->
  </suite> <!-- Default suite -->
</testng-results>
